<?xml version="1.0" encoding="UTF-8"?>
<!-- Generated by org.testng.reporters.JUnitXMLReporter -->
<testsuite ignored="0" hostname="DESKTOP-BCQVQQO" failures="0" tests="6" name="TestVerifiesThatErrorMessage177" time="44.251" errors="0" timestamp="2022-05-20T10:25:02 EEST">
  <testcase classname="com.ita.speakukrainian.ui.RunnerLogining" name="@BeforeMethod setUpLogin" time="17.051">
    <failure type="org.openqa.selenium.NoSuchElementException" message="no such element: Unable to locate element: {&amp;quot;method&amp;quot;:&amp;quot;xpath&amp;quot;,&amp;quot;selector&amp;quot;:&amp;quot;//input[@id=&amp;apos;basic_email&amp;apos;]&amp;quot;}
  (Session info: chrome=101.0.4951.67)
For documentation on this error, please visit: https://selenium.dev/exceptions/#no_such_element
Build info: version: &amp;apos;4.1.1&amp;apos;, revision: &amp;apos;e8fcc2cecf&amp;apos;
System info: host: &amp;apos;DESKTOP-BCQVQQO&amp;apos;, ip: &amp;apos;192.168.0.169&amp;apos;, os.name: &amp;apos;Windows 10&amp;apos;, os.arch: &amp;apos;amd64&amp;apos;, os.version: &amp;apos;10.0&amp;apos;, java.version: &amp;apos;16.0.1&amp;apos;
Driver info: org.openqa.selenium.chrome.ChromeDriver
Command: [120130e5162ad89fc333c1ddb8039628, findElement {using=xpath, value=//input[@id=&amp;apos;basic_email&amp;apos;]}]
Capabilities {acceptInsecureCerts: false, browserName: chrome, browserVersion: 101.0.4951.67, chrome: {chromedriverVersion: 101.0.4951.41 (93c720db8323..., userDataDir: C:\Users\A\AppData\Local\Te...}, goog:chromeOptions: {debuggerAddress: localhost:51718}, javascriptEnabled: true, networkConnectionEnabled: false, pageLoadStrategy: normal, platform: WINDOWS, platformName: WINDOWS, proxy: Proxy(), se:cdp: ws://localhost:51718/devtoo..., se:cdpVersion: 101.0.4951.67, setWindowRect: true, strictFileInteractability: false, timeouts: {implicit: 0, pageLoad: 300000, script: 30000}, unhandledPromptBehavior: dismiss and notify, webauthn:extension:credBlob: true, webauthn:extension:largeBlob: true, webauthn:virtualAuthenticators: true}
Session ID: 120130e5162ad89fc333c1ddb8039628">
      <![CDATA[org.openqa.selenium.NoSuchElementException: no such element: Unable to locate element: {"method":"xpath","selector":"//input[@id='basic_email']"}
  (Session info: chrome=101.0.4951.67)
For documentation on this error, please visit: https://selenium.dev/exceptions/#no_such_element
Build info: version: '4.1.1', revision: 'e8fcc2cecf'
System info: host: 'DESKTOP-BCQVQQO', ip: '192.168.0.169', os.name: 'Windows 10', os.arch: 'amd64', os.version: '10.0', java.version: '16.0.1'
Driver info: org.openqa.selenium.chrome.ChromeDriver
Command: [120130e5162ad89fc333c1ddb8039628, findElement {using=xpath, value=//input[@id='basic_email']}]
Capabilities {acceptInsecureCerts: false, browserName: chrome, browserVersion: 101.0.4951.67, chrome: {chromedriverVersion: 101.0.4951.41 (93c720db8323..., userDataDir: C:\Users\A\AppData\Local\Te...}, goog:chromeOptions: {debuggerAddress: localhost:51718}, javascriptEnabled: true, networkConnectionEnabled: false, pageLoadStrategy: normal, platform: WINDOWS, platformName: WINDOWS, proxy: Proxy(), se:cdp: ws://localhost:51718/devtoo..., se:cdpVersion: 101.0.4951.67, setWindowRect: true, strictFileInteractability: false, timeouts: {implicit: 0, pageLoad: 300000, script: 30000}, unhandledPromptBehavior: dismiss and notify, webauthn:extension:credBlob: true, webauthn:extension:largeBlob: true, webauthn:virtualAuthenticators: true}
Session ID: 120130e5162ad89fc333c1ddb8039628
at org.openqa.selenium.remote.codec.w3c.W3CHttpResponseCodec.createException(W3CHttpResponseCodec.java:200)
at org.openqa.selenium.remote.codec.w3c.W3CHttpResponseCodec.decode(W3CHttpResponseCodec.java:133)
at org.openqa.selenium.remote.codec.w3c.W3CHttpResponseCodec.decode(W3CHttpResponseCodec.java:53)
at org.openqa.selenium.remote.HttpCommandExecutor.execute(HttpCommandExecutor.java:184)
at org.openqa.selenium.remote.service.DriverCommandExecutor.invokeExecute(DriverCommandExecutor.java:167)
at org.openqa.selenium.remote.service.DriverCommandExecutor.execute(DriverCommandExecutor.java:142)
at org.openqa.selenium.remote.RemoteWebDriver.execute(RemoteWebDriver.java:543)
at org.openqa.selenium.remote.ElementLocation$ElementFinder$2.findElement(ElementLocation.java:162)
at org.openqa.selenium.remote.ElementLocation.findElement(ElementLocation.java:60)
at org.openqa.selenium.remote.RemoteWebDriver.findElement(RemoteWebDriver.java:367)
at org.openqa.selenium.remote.RemoteWebDriver.findElement(RemoteWebDriver.java:359)
at org.openqa.selenium.support.pagefactory.DefaultElementLocator.findElement(DefaultElementLocator.java:70)
at org.openqa.selenium.support.pagefactory.internal.LocatingElementHandler.invoke(LocatingElementHandler.java:39)
at jdk.proxy2/jdk.proxy2.$Proxy22.sendKeys(Unknown Source)
at com.ita.speakukrainian.ui.popup.SingInPopup.sendKeysEmail(SingInPopup.java:26)
at com.ita.speakukrainian.ui.RunnerLogining.setUpLogin(RunnerLogining.java:27)
at java.base/java.util.ArrayList.forEach(ArrayList.java:1511)
at com.intellij.rt.testng.IDEARemoteTestNG.run(IDEARemoteTestNG.java:66)
at com.intellij.rt.testng.RemoteTestNGStarter.main(RemoteTestNGStarter.java:109)
... Removed 33 stack frames]]>
    </failure>
  </testcase> <!-- @BeforeMethod setUpLogin -->
  <testcase classname="com.ita.speakukrainian.ui.tests.TestVerifiesThatErrorMessage177_2" name="@BeforeMethod setUp" time="-1.653031502482E9">
    <skipped/>
  </testcase> <!-- @BeforeMethod setUp -->
  <testcase classname="com.ita.speakukrainian.ui.tests.TestVerifiesThatErrorMessage177_2" name="@AfterMethod tearDown" time="-1.653031502513E9">
    <skipped/>
  </testcase> <!-- @AfterMethod tearDown -->
  <testcase classname="com.ita.speakukrainian.ui.SpeakUkrainianRunner" name="@BeforeMethod setUp" time="-1.653031502521E9">
    <skipped/>
  </testcase> <!-- @BeforeMethod setUp -->
  <testcase classname="com.ita.speakukrainian.ui.RunnerLogining" name="@BeforeMethod setUpLogin" time="-1.653031502608E9">
    <skipped/>
  </testcase> <!-- @BeforeMethod setUpLogin -->
  <testcase classname="com.ita.speakukrainian.ui.tests.TestVerifiesThatErrorMessage177_2" name="@BeforeMethod setUp" time="-1.653031502611E9">
    <skipped/>
  </testcase> <!-- @BeforeMethod setUp -->
  <testcase classname="com.ita.speakukrainian.ui.tests.TestVerifiesThatErrorMessage177_2" name="@AfterMethod tearDown" time="-1.653031502622E9">
    <skipped/>
  </testcase> <!-- @AfterMethod tearDown -->
  <testcase classname="com.ita.speakukrainian.ui.SpeakUkrainianRunner" name="@BeforeMethod setUp" time="-1.653031502633E9">
    <skipped/>
  </testcase> <!-- @BeforeMethod setUp -->
  <testcase classname="com.ita.speakukrainian.ui.RunnerLogining" name="@BeforeMethod setUpLogin" time="-1.653031502635E9">
    <skipped/>
  </testcase> <!-- @BeforeMethod setUpLogin -->
  <testcase classname="com.ita.speakukrainian.ui.tests.TestVerifiesThatErrorMessage177_2" name="@BeforeMethod setUp" time="-1.653031502638E9">
    <skipped/>
  </testcase> <!-- @BeforeMethod setUp -->
  <testcase classname="com.ita.speakukrainian.ui.tests.TestVerifiesThatErrorMessage177_2" name="@AfterMethod tearDown" time="-1.653031502655E9">
    <skipped/>
  </testcase> <!-- @AfterMethod tearDown -->
  <testcase classname="com.ita.speakukrainian.ui.SpeakUkrainianRunner" name="@BeforeMethod setUp" time="-1.653031502658E9">
    <skipped/>
  </testcase> <!-- @BeforeMethod setUp -->
  <testcase classname="com.ita.speakukrainian.ui.RunnerLogining" name="@BeforeMethod setUpLogin" time="-1.653031502661E9">
    <skipped/>
  </testcase> <!-- @BeforeMethod setUpLogin -->
  <testcase classname="com.ita.speakukrainian.ui.tests.TestVerifiesThatErrorMessage177_2" name="@BeforeMethod setUp" time="-1.653031502662E9">
    <skipped/>
  </testcase> <!-- @BeforeMethod setUp -->
  <testcase classname="com.ita.speakukrainian.ui.tests.TestVerifiesThatErrorMessage177_2" name="@AfterMethod tearDown" time="-1.653031502682E9">
    <skipped/>
  </testcase> <!-- @AfterMethod tearDown -->
  <testcase classname="com.ita.speakukrainian.ui.SpeakUkrainianRunner" name="@BeforeMethod setUp" time="-1.653031502693E9">
    <skipped/>
  </testcase> <!-- @BeforeMethod setUp -->
  <testcase classname="com.ita.speakukrainian.ui.RunnerLogining" name="@BeforeMethod setUpLogin" time="-1.653031502695E9">
    <skipped/>
  </testcase> <!-- @BeforeMethod setUpLogin -->
  <testcase classname="com.ita.speakukrainian.ui.tests.TestVerifiesThatErrorMessage177_2" name="@BeforeMethod setUp" time="-1.653031502705E9">
    <skipped/>
  </testcase> <!-- @BeforeMethod setUp -->
  <testcase classname="com.ita.speakukrainian.ui.tests.TestVerifiesThatErrorMessage177_2" name="@AfterMethod tearDown" time="-1.653031502717E9">
    <skipped/>
  </testcase> <!-- @AfterMethod tearDown -->
  <testcase classname="com.ita.speakukrainian.ui.SpeakUkrainianRunner" name="@BeforeMethod setUp" time="-1.65303150272E9">
    <skipped/>
  </testcase> <!-- @BeforeMethod setUp -->
  <testcase classname="com.ita.speakukrainian.ui.RunnerLogining" name="@BeforeMethod setUpLogin" time="-1.653031502741E9">
    <skipped/>
  </testcase> <!-- @BeforeMethod setUpLogin -->
  <testcase classname="com.ita.speakukrainian.ui.tests.TestVerifiesThatErrorMessage177_2" name="@BeforeMethod setUp" time="-1.653031502743E9">
    <skipped/>
  </testcase> <!-- @BeforeMethod setUp -->
  <testcase classname="com.ita.speakukrainian.ui.tests.TestVerifiesThatErrorMessage177_2" name="@AfterMethod tearDown" time="-1.653031502754E9">
    <skipped/>
  </testcase> <!-- @AfterMethod tearDown -->
  <testcase classname="com.ita.speakukrainian.ui.tests.TestVerifiesThatErrorMessage177_2" name="TestVerifiesTheErrorMessageWhenEnter1500Symbols" time="0.0">
    <skipped/>
  </testcase> <!-- TestVerifiesTheErrorMessageWhenEnter1500Symbols -->
  <testcase classname="com.ita.speakukrainian.ui.tests.TestVerifiesThatErrorMessage177_2" name="TestVerifiesTheErrorMessageWhenEnterLess1500Symbols" time="0.0">
    <skipped/>
  </testcase> <!-- TestVerifiesTheErrorMessageWhenEnterLess1500Symbols -->
  <testcase classname="com.ita.speakukrainian.ui.tests.TestVerifiesThatErrorMessage177_2" name="TestVerifiesTheErrorMessageWhenEnter1501Symbols" time="0.0">
    <skipped/>
  </testcase> <!-- TestVerifiesTheErrorMessageWhenEnter1501Symbols -->
  <testcase classname="com.ita.speakukrainian.ui.tests.TestVerifiesThatErrorMessage177_2" name="TestVerifiesTheErrorMessageWhenEnter1501Symbols2" time="0.0">
    <skipped/>
  </testcase> <!-- TestVerifiesTheErrorMessageWhenEnter1501Symbols2 -->
  <testcase classname="com.ita.speakukrainian.ui.tests.TestVerifiesThatErrorMessage177_2" name="TestVerifiesTheErrorMessageWhenEnterMore1500Symbols" time="0.0">
    <skipped/>
  </testcase> <!-- TestVerifiesTheErrorMessageWhenEnterMore1500Symbols -->
  <testcase classname="com.ita.speakukrainian.ui.tests.TestVerifiesThatErrorMessage177_2" name="TestVerifiesTheErrorMessageWhenEnterMore1500Symbols2" time="0.0">
    <skipped/>
  </testcase> <!-- TestVerifiesTheErrorMessageWhenEnterMore1500Symbols2 -->
</testsuite> <!-- TestVerifiesThatErrorMessage177 -->
