<?xml version="1.0" encoding="UTF-8"?>
<!-- Generated by org.testng.reporters.JUnitXMLReporter -->
<testsuite ignored="0" hostname="DESKTOP-BCQVQQO" failures="0" tests="6" name="TUA-177_2" time="20.853" errors="0" timestamp="2022-05-20T11:39:19 EEST">
  <testcase classname="com.ita.speakukrainian.ui.SpeakUkrainianRunner" name="@BeforeMethod setUp" time="18.94">
    <failure type="java.lang.NullPointerException" message="Cannot invoke &amp;quot;com.ita.speakukrainian.utils.ValueProvider.getBaseURL()&amp;quot; because &amp;quot;com.ita.speakukrainian.ui.SpeakUkrainianRunner.valueProvider&amp;quot; is null">
      <![CDATA[java.lang.NullPointerException: Cannot invoke "com.ita.speakukrainian.utils.ValueProvider.getBaseURL()" because "com.ita.speakukrainian.ui.SpeakUkrainianRunner.valueProvider" is null
at com.ita.speakukrainian.ui.SpeakUkrainianRunner.setUp(SpeakUkrainianRunner.java:40)
at java.base/java.util.ArrayList.forEach(ArrayList.java:1511)
at com.intellij.rt.testng.IDEARemoteTestNG.run(IDEARemoteTestNG.java:66)
at com.intellij.rt.testng.RemoteTestNGStarter.main(RemoteTestNGStarter.java:109)
... Removed 28 stack frames]]>
    </failure>
  </testcase> <!-- @BeforeMethod setUp -->
  <testcase classname="com.ita.speakukrainian.ui.tests.TestVerifiesThatErrorMessage177_2" name="@BeforeMethod setUp22" time="-1.653035958797E9">
    <skipped/>
  </testcase> <!-- @BeforeMethod setUp22 -->
  <testcase classname="com.ita.speakukrainian.ui.tests.TestVerifiesThatErrorMessage177_2" name="@AfterMethod tearDown2" time="-1.653035958856E9">
    <skipped/>
  </testcase> <!-- @AfterMethod tearDown2 -->
  <testcase classname="com.ita.speakukrainian.ui.SpeakUkrainianRunner" name="@BeforeMethod setUp" time="-1.653035959513E9">
    <skipped/>
  </testcase> <!-- @BeforeMethod setUp -->
  <testcase classname="com.ita.speakukrainian.ui.tests.TestVerifiesThatErrorMessage177_2" name="@BeforeMethod setUp22" time="-1.653035959515E9">
    <skipped/>
  </testcase> <!-- @BeforeMethod setUp22 -->
  <testcase classname="com.ita.speakukrainian.ui.tests.TestVerifiesThatErrorMessage177_2" name="@AfterMethod tearDown2" time="-1.653035959544E9">
    <skipped/>
  </testcase> <!-- @AfterMethod tearDown2 -->
  <testcase classname="com.ita.speakukrainian.ui.SpeakUkrainianRunner" name="@BeforeMethod setUp" time="-1.653035959558E9">
    <skipped/>
  </testcase> <!-- @BeforeMethod setUp -->
  <testcase classname="com.ita.speakukrainian.ui.tests.TestVerifiesThatErrorMessage177_2" name="@BeforeMethod setUp22" time="-1.653035959574E9">
    <skipped/>
  </testcase> <!-- @BeforeMethod setUp22 -->
  <testcase classname="com.ita.speakukrainian.ui.tests.TestVerifiesThatErrorMessage177_2" name="@AfterMethod tearDown2" time="-1.653035959588E9">
    <skipped/>
  </testcase> <!-- @AfterMethod tearDown2 -->
  <testcase classname="com.ita.speakukrainian.ui.SpeakUkrainianRunner" name="@BeforeMethod setUp" time="-1.653035959602E9">
    <skipped/>
  </testcase> <!-- @BeforeMethod setUp -->
  <testcase classname="com.ita.speakukrainian.ui.tests.TestVerifiesThatErrorMessage177_2" name="@BeforeMethod setUp22" time="-1.653035959605E9">
    <skipped/>
  </testcase> <!-- @BeforeMethod setUp22 -->
  <testcase classname="com.ita.speakukrainian.ui.tests.TestVerifiesThatErrorMessage177_2" name="@AfterMethod tearDown2" time="-1.653035959625E9">
    <skipped/>
  </testcase> <!-- @AfterMethod tearDown2 -->
  <testcase classname="com.ita.speakukrainian.ui.SpeakUkrainianRunner" name="@BeforeMethod setUp" time="-1.653035959644E9">
    <skipped/>
  </testcase> <!-- @BeforeMethod setUp -->
  <testcase classname="com.ita.speakukrainian.ui.tests.TestVerifiesThatErrorMessage177_2" name="@BeforeMethod setUp22" time="-1.653035959648E9">
    <skipped/>
  </testcase> <!-- @BeforeMethod setUp22 -->
  <testcase classname="com.ita.speakukrainian.ui.tests.TestVerifiesThatErrorMessage177_2" name="@AfterMethod tearDown2" time="-1.653035959674E9">
    <skipped/>
  </testcase> <!-- @AfterMethod tearDown2 -->
  <testcase classname="com.ita.speakukrainian.ui.SpeakUkrainianRunner" name="@BeforeMethod setUp" time="-1.653035959804E9">
    <skipped/>
  </testcase> <!-- @BeforeMethod setUp -->
  <testcase classname="com.ita.speakukrainian.ui.tests.TestVerifiesThatErrorMessage177_2" name="@BeforeMethod setUp22" time="-1.653035959814E9">
    <skipped/>
  </testcase> <!-- @BeforeMethod setUp22 -->
  <testcase classname="com.ita.speakukrainian.ui.tests.TestVerifiesThatErrorMessage177_2" name="@AfterMethod tearDown2" time="-1.653035959843E9">
    <skipped/>
  </testcase> <!-- @AfterMethod tearDown2 -->
  <testcase classname="com.ita.speakukrainian.ui.tests.TestVerifiesThatErrorMessage177_2" name="TestVerifiesTheErrorMessageWhenEnter1500Symbols" time="0.0">
    <skipped/>
  </testcase> <!-- TestVerifiesTheErrorMessageWhenEnter1500Symbols -->
  <testcase classname="com.ita.speakukrainian.ui.tests.TestVerifiesThatErrorMessage177_2" name="TestVerifiesTheErrorMessageWhenEnterLess1500Symbols" time="0.0">
    <skipped/>
  </testcase> <!-- TestVerifiesTheErrorMessageWhenEnterLess1500Symbols -->
  <testcase classname="com.ita.speakukrainian.ui.tests.TestVerifiesThatErrorMessage177_2" name="TestVerifiesTheErrorMessageWhenEnter1501Symbols" time="0.0">
    <skipped/>
  </testcase> <!-- TestVerifiesTheErrorMessageWhenEnter1501Symbols -->
  <testcase classname="com.ita.speakukrainian.ui.tests.TestVerifiesThatErrorMessage177_2" name="TestVerifiesTheErrorMessageWhenEnter1501Symbols2" time="0.0">
    <skipped/>
  </testcase> <!-- TestVerifiesTheErrorMessageWhenEnter1501Symbols2 -->
  <testcase classname="com.ita.speakukrainian.ui.tests.TestVerifiesThatErrorMessage177_2" name="TestVerifiesTheErrorMessageWhenEnterMore1500Symbols" time="0.0">
    <skipped/>
  </testcase> <!-- TestVerifiesTheErrorMessageWhenEnterMore1500Symbols -->
  <testcase classname="com.ita.speakukrainian.ui.tests.TestVerifiesThatErrorMessage177_2" name="TestVerifiesTheErrorMessageWhenEnterMore1500Symbols2" time="0.0">
    <skipped/>
  </testcase> <!-- TestVerifiesTheErrorMessageWhenEnterMore1500Symbols2 -->
</testsuite> <!-- TUA-177_2 -->
