<?xml version="1.0" encoding="UTF-8"?>
<!-- Generated by org.testng.reporters.JUnitXMLReporter -->
<testsuite ignored="0" hostname="DESKTOP-BCQVQQO" failures="6" tests="6" name="TestVerifiesThatErrorMessage177" time="1.355" errors="0" timestamp="2022-05-20T00:04:39 EEST">
  <testcase classname="com.ita.speakukrainian.ui.tests.TestVerifiesThatErrorMessage177" name="TestVerifiesTheErrorMessageWhenEnter1500Symbols" time="0.357">
    <failure type="java.lang.NullPointerException" message="Cannot invoke &amp;quot;org.openqa.selenium.SearchContext.findElement(org.openqa.selenium.By)&amp;quot; because &amp;quot;this.searchContext&amp;quot; is null">
      <![CDATA[java.lang.NullPointerException: Cannot invoke "org.openqa.selenium.SearchContext.findElement(org.openqa.selenium.By)" because "this.searchContext" is null
at org.openqa.selenium.support.pagefactory.DefaultElementLocator.findElement(DefaultElementLocator.java:70)
at org.openqa.selenium.support.pagefactory.internal.LocatingElementHandler.invoke(LocatingElementHandler.java:39)
at jdk.proxy2/jdk.proxy2.$Proxy21.sendKeys(Unknown Source)
at com.ita.speakukrainian.ui.pages.AddClubPages.Description.fillInBasicDescriptionInput(Description.java:61)
at com.ita.speakukrainian.ui.tests.TestVerifiesThatErrorMessage177.TestVerifiesTheErrorMessageWhenEnter1500Symbols(TestVerifiesThatErrorMessage177.java:66)
at java.base/java.util.ArrayList.forEach(ArrayList.java:1511)
at com.intellij.rt.testng.IDEARemoteTestNG.run(IDEARemoteTestNG.java:66)
at com.intellij.rt.testng.RemoteTestNGStarter.main(RemoteTestNGStarter.java:109)
... Removed 24 stack frames]]>
    </failure>
  </testcase> <!-- TestVerifiesTheErrorMessageWhenEnter1500Symbols -->
  <testcase classname="com.ita.speakukrainian.ui.tests.TestVerifiesThatErrorMessage177" name="TestVerifiesTheErrorMessageWhenEnterLess1500Symbols" time="0.019">
    <failure type="java.lang.NullPointerException" message="Cannot invoke &amp;quot;org.openqa.selenium.SearchContext.findElement(org.openqa.selenium.By)&amp;quot; because &amp;quot;this.searchContext&amp;quot; is null">
      <![CDATA[java.lang.NullPointerException: Cannot invoke "org.openqa.selenium.SearchContext.findElement(org.openqa.selenium.By)" because "this.searchContext" is null
at org.openqa.selenium.support.pagefactory.DefaultElementLocator.findElement(DefaultElementLocator.java:70)
at org.openqa.selenium.support.pagefactory.internal.LocatingElementHandler.invoke(LocatingElementHandler.java:39)
at jdk.proxy2/jdk.proxy2.$Proxy21.sendKeys(Unknown Source)
at com.ita.speakukrainian.ui.pages.AddClubPages.Description.fillInBasicDescriptionInput(Description.java:61)
at com.ita.speakukrainian.ui.tests.TestVerifiesThatErrorMessage177.TestVerifiesTheErrorMessageWhenEnterLess1500Symbols(TestVerifiesThatErrorMessage177.java:97)
at java.base/java.util.ArrayList.forEach(ArrayList.java:1511)
at com.intellij.rt.testng.IDEARemoteTestNG.run(IDEARemoteTestNG.java:66)
at com.intellij.rt.testng.RemoteTestNGStarter.main(RemoteTestNGStarter.java:109)
... Removed 24 stack frames]]>
    </failure>
  </testcase> <!-- TestVerifiesTheErrorMessageWhenEnterLess1500Symbols -->
  <testcase classname="com.ita.speakukrainian.ui.tests.TestVerifiesThatErrorMessage177" name="TestVerifiesTheErrorMessageWhenEnter1501Symbols" time="0.278">
    <failure type="java.lang.NullPointerException" message="Cannot invoke &amp;quot;org.openqa.selenium.SearchContext.findElement(org.openqa.selenium.By)&amp;quot; because &amp;quot;this.searchContext&amp;quot; is null">
      <![CDATA[java.lang.NullPointerException: Cannot invoke "org.openqa.selenium.SearchContext.findElement(org.openqa.selenium.By)" because "this.searchContext" is null
at org.openqa.selenium.support.pagefactory.DefaultElementLocator.findElement(DefaultElementLocator.java:70)
at org.openqa.selenium.support.pagefactory.internal.LocatingElementHandler.invoke(LocatingElementHandler.java:39)
at jdk.proxy2/jdk.proxy2.$Proxy21.click(Unknown Source)
at com.ita.speakukrainian.ui.components.HeaderMenuComponent.clickUserProFileButton(HeaderMenuComponent.java:74)
at com.ita.speakukrainian.ui.tests.TestVerifiesThatErrorMessage177.TestVerifiesTheErrorMessageWhenEnter1501Symbols(TestVerifiesThatErrorMessage177.java:129)
at java.base/java.util.ArrayList.forEach(ArrayList.java:1511)
at com.intellij.rt.testng.IDEARemoteTestNG.run(IDEARemoteTestNG.java:66)
at com.intellij.rt.testng.RemoteTestNGStarter.main(RemoteTestNGStarter.java:109)
... Removed 24 stack frames]]>
    </failure>
  </testcase> <!-- TestVerifiesTheErrorMessageWhenEnter1501Symbols -->
  <testcase classname="com.ita.speakukrainian.ui.tests.TestVerifiesThatErrorMessage177" name="TestVerifiesTheErrorMessageWhenEnter1501Symbols2" time="0.022">
    <failure type="java.lang.NullPointerException" message="Cannot invoke &amp;quot;org.openqa.selenium.SearchContext.findElement(org.openqa.selenium.By)&amp;quot; because &amp;quot;this.searchContext&amp;quot; is null">
      <![CDATA[java.lang.NullPointerException: Cannot invoke "org.openqa.selenium.SearchContext.findElement(org.openqa.selenium.By)" because "this.searchContext" is null
at org.openqa.selenium.support.pagefactory.DefaultElementLocator.findElement(DefaultElementLocator.java:70)
at org.openqa.selenium.support.pagefactory.internal.LocatingElementHandler.invoke(LocatingElementHandler.java:39)
at jdk.proxy2/jdk.proxy2.$Proxy21.click(Unknown Source)
at com.ita.speakukrainian.ui.components.HeaderMenuComponent.clickUserProFileButton(HeaderMenuComponent.java:74)
at com.ita.speakukrainian.ui.tests.TestVerifiesThatErrorMessage177.TestVerifiesTheErrorMessageWhenEnter1501Symbols2(TestVerifiesThatErrorMessage177.java:154)
at java.base/java.util.ArrayList.forEach(ArrayList.java:1511)
at com.intellij.rt.testng.IDEARemoteTestNG.run(IDEARemoteTestNG.java:66)
at com.intellij.rt.testng.RemoteTestNGStarter.main(RemoteTestNGStarter.java:109)
... Removed 24 stack frames]]>
    </failure>
  </testcase> <!-- TestVerifiesTheErrorMessageWhenEnter1501Symbols2 -->
  <testcase classname="com.ita.speakukrainian.ui.tests.TestVerifiesThatErrorMessage177" name="TestVerifiesTheErrorMessageWhenEnterMore1500Symbols" time="0.033">
    <failure type="java.lang.NullPointerException" message="Cannot invoke &amp;quot;org.openqa.selenium.SearchContext.findElement(org.openqa.selenium.By)&amp;quot; because &amp;quot;this.searchContext&amp;quot; is null">
      <![CDATA[java.lang.NullPointerException: Cannot invoke "org.openqa.selenium.SearchContext.findElement(org.openqa.selenium.By)" because "this.searchContext" is null
at org.openqa.selenium.support.pagefactory.DefaultElementLocator.findElement(DefaultElementLocator.java:70)
at org.openqa.selenium.support.pagefactory.internal.LocatingElementHandler.invoke(LocatingElementHandler.java:39)
at jdk.proxy2/jdk.proxy2.$Proxy21.click(Unknown Source)
at com.ita.speakukrainian.ui.components.HeaderMenuComponent.clickUserProFileButton(HeaderMenuComponent.java:74)
at com.ita.speakukrainian.ui.tests.TestVerifiesThatErrorMessage177.TestVerifiesTheErrorMessageWhenEnterMore1500Symbols(TestVerifiesThatErrorMessage177.java:195)
at java.base/java.util.ArrayList.forEach(ArrayList.java:1511)
at com.intellij.rt.testng.IDEARemoteTestNG.run(IDEARemoteTestNG.java:66)
at com.intellij.rt.testng.RemoteTestNGStarter.main(RemoteTestNGStarter.java:109)
... Removed 24 stack frames]]>
    </failure>
  </testcase> <!-- TestVerifiesTheErrorMessageWhenEnterMore1500Symbols -->
  <testcase classname="com.ita.speakukrainian.ui.tests.TestVerifiesThatErrorMessage177" name="TestVerifiesTheErrorMessageWhenEnterMore1500Symbols2" time="0.017">
    <failure type="java.lang.NullPointerException" message="Cannot invoke &amp;quot;org.openqa.selenium.SearchContext.findElement(org.openqa.selenium.By)&amp;quot; because &amp;quot;this.searchContext&amp;quot; is null">
      <![CDATA[java.lang.NullPointerException: Cannot invoke "org.openqa.selenium.SearchContext.findElement(org.openqa.selenium.By)" because "this.searchContext" is null
at org.openqa.selenium.support.pagefactory.DefaultElementLocator.findElement(DefaultElementLocator.java:70)
at org.openqa.selenium.support.pagefactory.internal.LocatingElementHandler.invoke(LocatingElementHandler.java:39)
at jdk.proxy2/jdk.proxy2.$Proxy21.click(Unknown Source)
at com.ita.speakukrainian.ui.components.HeaderMenuComponent.clickUserProFileButton(HeaderMenuComponent.java:74)
at com.ita.speakukrainian.ui.tests.TestVerifiesThatErrorMessage177.TestVerifiesTheErrorMessageWhenEnterMore1500Symbols2(TestVerifiesThatErrorMessage177.java:218)
at java.base/java.util.ArrayList.forEach(ArrayList.java:1511)
at com.intellij.rt.testng.IDEARemoteTestNG.run(IDEARemoteTestNG.java:66)
at com.intellij.rt.testng.RemoteTestNGStarter.main(RemoteTestNGStarter.java:109)
... Removed 24 stack frames]]>
    </failure>
  </testcase> <!-- TestVerifiesTheErrorMessageWhenEnterMore1500Symbols2 -->
</testsuite> <!-- TestVerifiesThatErrorMessage177 -->
