<?xml version="1.0" encoding="UTF-8"?>
<!-- Generated by org.testng.reporters.JUnitReportReporter -->
<testsuite hostname="DESKTOP-BCQVQQO" failures="0" tests="7" name="com.ita.speakukrainian.ui.tests.TestVerifiesThatErrorMessage177_2" time="19.591" errors="1" timestamp="2022-05-20T11:39:20 EEST" skipped="6">
  <testcase classname="com.ita.speakukrainian.ui.tests.TestVerifiesThatErrorMessage177_2" name="setUp" time="18.942">
    <error message="Cannot invoke &quot;com.ita.speakukrainian.utils.ValueProvider.getBaseURL()&quot; because &quot;com.ita.speakukrainian.ui.SpeakUkrainianRunner.valueProvider&quot; is null" type="java.lang.NullPointerException">
      <![CDATA[java.lang.NullPointerException: Cannot invoke "com.ita.speakukrainian.utils.ValueProvider.getBaseURL()" because "com.ita.speakukrainian.ui.SpeakUkrainianRunner.valueProvider" is null
at com.ita.speakukrainian.ui.SpeakUkrainianRunner.setUp(SpeakUkrainianRunner.java:40)
at java.base/jdk.internal.reflect.NativeMethodAccessorImpl.invoke0(Native Method)
at java.base/jdk.internal.reflect.NativeMethodAccessorImpl.invoke(NativeMethodAccessorImpl.java:78)
at java.base/jdk.internal.reflect.DelegatingMethodAccessorImpl.invoke(DelegatingMethodAccessorImpl.java:43)
at java.base/java.lang.reflect.Method.invoke(Method.java:567)
at org.testng.internal.MethodInvocationHelper.invokeMethod(MethodInvocationHelper.java:133)
at org.testng.internal.MethodInvocationHelper.invokeMethodConsideringTimeout(MethodInvocationHelper.java:62)
at org.testng.internal.ConfigInvoker.invokeConfigurationMethod(ConfigInvoker.java:385)
at org.testng.internal.ConfigInvoker.invokeConfigurations(ConfigInvoker.java:321)
at org.testng.internal.TestInvoker.runConfigMethods(TestInvoker.java:700)
at org.testng.internal.TestInvoker.invokeMethod(TestInvoker.java:527)
at org.testng.internal.TestInvoker.invokeTestMethod(TestInvoker.java:173)
at org.testng.internal.MethodRunner.runInSequence(MethodRunner.java:46)
at org.testng.internal.TestInvoker$MethodInvocationAgent.invoke(TestInvoker.java:824)
at org.testng.internal.TestInvoker.invokeTestMethods(TestInvoker.java:146)
at org.testng.internal.TestMethodWorker.invokeTestMethods(TestMethodWorker.java:146)
at org.testng.internal.TestMethodWorker.run(TestMethodWorker.java:128)
at java.base/java.util.ArrayList.forEach(ArrayList.java:1511)
at org.testng.TestRunner.privateRun(TestRunner.java:794)
at org.testng.TestRunner.run(TestRunner.java:596)
at org.testng.SuiteRunner.runTest(SuiteRunner.java:377)
at org.testng.SuiteRunner.runSequentially(SuiteRunner.java:371)
at org.testng.SuiteRunner.privateRun(SuiteRunner.java:332)
at org.testng.SuiteRunner.run(SuiteRunner.java:276)
at org.testng.SuiteRunnerWorker.runSuite(SuiteRunnerWorker.java:53)
at org.testng.SuiteRunnerWorker.run(SuiteRunnerWorker.java:96)
at org.testng.TestNG.runSuitesSequentially(TestNG.java:1212)
at org.testng.TestNG.runSuitesLocally(TestNG.java:1134)
at org.testng.TestNG.runSuites(TestNG.java:1063)
at org.testng.TestNG.run(TestNG.java:1031)
at com.intellij.rt.testng.IDEARemoteTestNG.run(IDEARemoteTestNG.java:66)
at com.intellij.rt.testng.RemoteTestNGStarter.main(RemoteTestNGStarter.java:109)
]]>
    </error>
  </testcase> <!-- setUp -->
  <system-out/>
  <testcase classname="com.ita.speakukrainian.ui.tests.TestVerifiesThatErrorMessage177_2" name="TestVerifiesTheErrorMessageWhenEnter1500Symbols" time="0.003">
    <skipped/>
  </testcase> <!-- TestVerifiesTheErrorMessageWhenEnter1500Symbols -->
  <system-out/>
  <testcase classname="com.ita.speakukrainian.ui.tests.TestVerifiesThatErrorMessage177_2" name="TestVerifiesTheErrorMessageWhenEnterLess1500Symbols" time="0.002">
    <skipped/>
  </testcase> <!-- TestVerifiesTheErrorMessageWhenEnterLess1500Symbols -->
  <system-out/>
  <testcase classname="com.ita.speakukrainian.ui.tests.TestVerifiesThatErrorMessage177_2" name="TestVerifiesTheErrorMessageWhenEnter1501Symbols" time="0.642">
    <skipped/>
  </testcase> <!-- TestVerifiesTheErrorMessageWhenEnter1501Symbols -->
  <system-out/>
  <testcase classname="com.ita.speakukrainian.ui.tests.TestVerifiesThatErrorMessage177_2" name="TestVerifiesTheErrorMessageWhenEnter1501Symbols2" time="0.001">
    <skipped/>
  </testcase> <!-- TestVerifiesTheErrorMessageWhenEnter1501Symbols2 -->
  <system-out/>
  <testcase classname="com.ita.speakukrainian.ui.tests.TestVerifiesThatErrorMessage177_2" name="TestVerifiesTheErrorMessageWhenEnterMore1500Symbols" time="0.001">
    <skipped/>
  </testcase> <!-- TestVerifiesTheErrorMessageWhenEnterMore1500Symbols -->
  <system-out/>
  <testcase classname="com.ita.speakukrainian.ui.tests.TestVerifiesThatErrorMessage177_2" name="TestVerifiesTheErrorMessageWhenEnterMore1500Symbols2" time="0.000">
    <skipped/>
  </testcase> <!-- TestVerifiesTheErrorMessageWhenEnterMore1500Symbols2 -->
  <system-out/>
</testsuite> <!-- com.ita.speakukrainian.ui.tests.TestVerifiesThatErrorMessage177_2 -->
